
ROM used:   933/8192 (11%)
            933/8192 (11%) including unused fragments

            1.1 Average locations per line
            13.7 Average locations per statement

RAM used:   26/368 (7%) at main() level
            40/368 (11%) worst case

Stack used: 1 worst case (1 in main + 0 for interrupts)
Stack size: 8

Lines Stmts  %   Files
----- ----- ---  -----
  137    68 100  Microcontrolador 1.c
  684     0   0  ..\..\..\..\..\Program Files (x86)\PICC\Devices\16f877a.h
----- -----
  821    68 Total

Page ROM  %  RAM    Vol Diff  Functions:
---- --- --- ---    --- ----  ----------
0     20   2    1             @delay_ms1
0     15   2    1             @delay_us1
0    229  25    8   1030  6.5  main
0     31   3    2             @ITOF
0    119  13   13   1030  6.5  @MULFF
0    204  22   14             @DIVFF
0     65   7   10             @FLT
0     65   7    3    170  1.4  pasos_izquierda
0     65   7    3    170  1.4  pasos_derecha
0     25   3    0     72  1.2  pasos_off
0     41   4    3    104  1.3  pasos_izquierda_M3
0     41   4    3    104  1.3  pasos_derecha_M3
0      9   1    0     37  1.1  pasos_off_M3
 Inline         0    104  1.3  @cinit1

Program metrics:
    Functions               9
    Statements              68
    Comments                150
    Volume (V)              4127
    Difficulty (D)          21.7
    Effort to implement (E) 89552
    Time to implement (T)   1 hours, 23 minutes
    Est Delivered Bugs (B)  1
    Cyclomatic Complexity   10
    Maintainability (MI)    108

 Segment     Used  Free
-----------  ----  ----
00000-00003     4  0  
00004-007FF   929  1115  
00800-00FFF     0  2048  
01000-017FF     0  2048  
01800-01FFF     0  2048  



